This is pdfTeX, Version 3.14159265-2.6-1.40.19 (TeX Live 2019/dev/Debian) (preloaded format=pdflatex 2020.9.20)  25 NOV 2020 20:34
entering extended mode
 restricted \write18 enabled.
 %&-line parsing enabled.
**main.tex
(./main.tex
LaTeX2e <2018-12-01>
(/usr/share/texlive/texmf-dist/tex/latex/base/article.cls
Document Class: article 2018/09/03 v1.4i Standard LaTeX document class
(/usr/share/texlive/texmf-dist/tex/latex/base/size10.clo
File: size10.clo 2018/09/03 v1.4i Standard LaTeX file (size option)
)
\c@part=\count80
\c@section=\count81
\c@subsection=\count82
\c@subsubsection=\count83
\c@paragraph=\count84
\c@subparagraph=\count85
\c@figure=\count86
\c@table=\count87
\abovecaptionskip=\skip41
\belowcaptionskip=\skip42
\bibindent=\dimen102
)
(/usr/share/texlive/texmf-dist/tex/latex/graphics/graphicx.sty
Package: graphicx 2017/06/01 v1.1a Enhanced LaTeX Graphics (DPC,SPQR)

(/usr/share/texlive/texmf-dist/tex/latex/graphics/keyval.sty
Package: keyval 2014/10/28 v1.15 key=value parser (DPC)
\KV@toks@=\toks14
)
(/usr/share/texlive/texmf-dist/tex/latex/graphics/graphics.sty
Package: graphics 2017/06/25 v1.2c Standard LaTeX Graphics (DPC,SPQR)

(/usr/share/texlive/texmf-dist/tex/latex/graphics/trig.sty
Package: trig 2016/01/03 v1.10 sin cos tan (DPC)
)
(/usr/share/texlive/texmf-dist/tex/latex/graphics-cfg/graphics.cfg
File: graphics.cfg 2016/06/04 v1.11 sample graphics configuration
)
Package graphics Info: Driver file: pdftex.def on input line 99.

(/usr/share/texlive/texmf-dist/tex/latex/graphics-def/pdftex.def
File: pdftex.def 2018/01/08 v1.0l Graphics/color driver for pdftex
))
\Gin@req@height=\dimen103
\Gin@req@width=\dimen104
)
(/usr/share/texlive/texmf-dist/tex/latex/geometry/geometry.sty
Package: geometry 2018/04/16 v5.8 Page Geometry

(/usr/share/texlive/texmf-dist/tex/generic/oberdiek/ifpdf.sty
Package: ifpdf 2018/09/07 v3.3 Provides the ifpdf switch
)
(/usr/share/texlive/texmf-dist/tex/generic/oberdiek/ifvtex.sty
Package: ifvtex 2016/05/16 v1.6 Detect VTeX and its facilities (HO)
Package ifvtex Info: VTeX not detected.
)
(/usr/share/texlive/texmf-dist/tex/generic/ifxetex/ifxetex.sty
Package: ifxetex 2010/09/12 v0.6 Provides ifxetex conditional
)
\Gm@cnth=\count88
\Gm@cntv=\count89
\c@Gm@tempcnt=\count90
\Gm@bindingoffset=\dimen105
\Gm@wd@mp=\dimen106
\Gm@odd@mp=\dimen107
\Gm@even@mp=\dimen108
\Gm@layoutwidth=\dimen109
\Gm@layoutheight=\dimen110
\Gm@layouthoffset=\dimen111
\Gm@layoutvoffset=\dimen112
\Gm@dimlist=\toks15
)
(/usr/share/texlive/texmf-dist/tex/latex/pdfpages/pdfpages.sty
Package: pdfpages 2017/10/31 v0.5l Insert pages of external PDF documents (AM)

(/usr/share/texlive/texmf-dist/tex/latex/base/ifthen.sty
Package: ifthen 2014/09/29 v1.1c Standard LaTeX ifthen package (DPC)
)
(/usr/share/texlive/texmf-dist/tex/latex/tools/calc.sty
Package: calc 2017/05/25 v4.3 Infix arithmetic (KKT,FJ)
\calc@Acount=\count91
\calc@Bcount=\count92
\calc@Adimen=\dimen113
\calc@Bdimen=\dimen114
\calc@Askip=\skip43
\calc@Bskip=\skip44
LaTeX Info: Redefining \setlength on input line 80.
LaTeX Info: Redefining \addtolength on input line 81.
\calc@Ccount=\count93
\calc@Cskip=\skip45
)
(/usr/share/texlive/texmf-dist/tex/latex/eso-pic/eso-pic.sty
Package: eso-pic 2018/04/12 v2.0h eso-pic (RN)

(/usr/share/texlive/texmf-dist/tex/generic/oberdiek/atbegshi.sty
Package: atbegshi 2016/06/09 v1.18 At begin shipout hook (HO)

(/usr/share/texlive/texmf-dist/tex/generic/oberdiek/infwarerr.sty
Package: infwarerr 2016/05/16 v1.4 Providing info/warning/error messages (HO)
)
(/usr/share/texlive/texmf-dist/tex/generic/oberdiek/ltxcmds.sty
Package: ltxcmds 2016/05/16 v1.23 LaTeX kernel commands for general use (HO)
))
(/usr/share/texlive/texmf-dist/tex/latex/xcolor/xcolor.sty
Package: xcolor 2016/05/11 v2.12 LaTeX color extensions (UK)

(/usr/share/texlive/texmf-dist/tex/latex/graphics-cfg/color.cfg
File: color.cfg 2016/01/02 v1.6 sample color configuration
)
Package xcolor Info: Driver file: pdftex.def on input line 225.
Package xcolor Info: Model `cmy' substituted by `cmy0' on input line 1348.
Package xcolor Info: Model `hsb' substituted by `rgb' on input line 1352.
Package xcolor Info: Model `RGB' extended on input line 1364.
Package xcolor Info: Model `HTML' substituted by `rgb' on input line 1366.
Package xcolor Info: Model `Hsb' substituted by `hsb' on input line 1367.
Package xcolor Info: Model `tHsb' substituted by `hsb' on input line 1368.
Package xcolor Info: Model `HSB' substituted by `hsb' on input line 1369.
Package xcolor Info: Model `Gray' substituted by `gray' on input line 1370.
Package xcolor Info: Model `wave' substituted by `hsb' on input line 1371.
))
\AM@pagewidth=\dimen115
\AM@pageheight=\dimen116

(/usr/share/texlive/texmf-dist/tex/latex/pdfpages/pppdftex.def
File: pppdftex.def 2017/10/31 v0.5l Pdfpages driver for pdfTeX (AM)
)
\AM@pagebox=\box27
\AM@global@opts=\toks16
\AM@toc@title=\toks17
\c@AM@survey=\count94
\AM@templatesizebox=\box28
) (./main.aux)
\openout1 = `main.aux'.

LaTeX Font Info:    Checking defaults for OML/cmm/m/it on input line 5.
LaTeX Font Info:    ... okay on input line 5.
LaTeX Font Info:    Checking defaults for T1/cmr/m/n on input line 5.
LaTeX Font Info:    ... okay on input line 5.
LaTeX Font Info:    Checking defaults for OT1/cmr/m/n on input line 5.
LaTeX Font Info:    ... okay on input line 5.
LaTeX Font Info:    Checking defaults for OMS/cmsy/m/n on input line 5.
LaTeX Font Info:    ... okay on input line 5.
LaTeX Font Info:    Checking defaults for OMX/cmex/m/n on input line 5.
LaTeX Font Info:    ... okay on input line 5.
LaTeX Font Info:    Checking defaults for U/cmr/m/n on input line 5.
LaTeX Font Info:    ... okay on input line 5.

(/usr/share/texlive/texmf-dist/tex/context/base/mkii/supp-pdf.mkii
[Loading MPS to PDF converter (version 2006.09.02).]
\scratchcounter=\count95
\scratchdimen=\dimen117
\scratchbox=\box29
\nofMPsegments=\count96
\nofMParguments=\count97
\everyMPshowfont=\toks18
\MPscratchCnt=\count98
\MPscratchDim=\dimen118
\MPnumerator=\count99
\makeMPintoPDFobject=\count100
\everyMPtoPDFconversion=\toks19
) (/usr/share/texlive/texmf-dist/tex/latex/oberdiek/epstopdf-base.sty
Package: epstopdf-base 2016/05/15 v2.6 Base part for package epstopdf

(/usr/share/texlive/texmf-dist/tex/latex/oberdiek/grfext.sty
Package: grfext 2016/05/16 v1.2 Manage graphics extensions (HO)

(/usr/share/texlive/texmf-dist/tex/generic/oberdiek/kvdefinekeys.sty
Package: kvdefinekeys 2016/05/16 v1.4 Define keys (HO)
))
(/usr/share/texlive/texmf-dist/tex/latex/oberdiek/kvoptions.sty
Package: kvoptions 2016/05/16 v3.12 Key value format for package options (HO)

(/usr/share/texlive/texmf-dist/tex/generic/oberdiek/kvsetkeys.sty
Package: kvsetkeys 2016/05/16 v1.17 Key value parser (HO)

(/usr/share/texlive/texmf-dist/tex/generic/oberdiek/etexcmds.sty
Package: etexcmds 2016/05/16 v1.6 Avoid name clashes with e-TeX commands (HO)

(/usr/share/texlive/texmf-dist/tex/generic/oberdiek/ifluatex.sty
Package: ifluatex 2016/05/16 v1.4 Provides the ifluatex switch (HO)
Package ifluatex Info: LuaTeX not detected.
))))
(/usr/share/texlive/texmf-dist/tex/generic/oberdiek/pdftexcmds.sty
Package: pdftexcmds 2018/09/10 v0.29 Utility functions of pdfTeX for LuaTeX (HO
)
Package pdftexcmds Info: LuaTeX not detected.
Package pdftexcmds Info: \pdf@primitive is available.
Package pdftexcmds Info: \pdf@ifprimitive is available.
Package pdftexcmds Info: \pdfdraftmode found.
)
Package epstopdf-base Info: Redefining graphics rule for `.eps' on input line 4
38.
Package grfext Info: Graphics extension search list:
(grfext)             [.pdf,.png,.jpg,.mps,.jpeg,.jbig2,.jb2,.PDF,.PNG,.JPG,.JPE
G,.JBIG2,.JB2,.eps]
(grfext)             \AppendGraphicsExtensions on input line 456.

(/usr/share/texlive/texmf-dist/tex/latex/latexconfig/epstopdf-sys.cfg
File: epstopdf-sys.cfg 2010/07/13 v1.3 Configuration of (r)epstopdf for TeX Liv
e
))
*geometry* driver: auto-detecting
*geometry* detected driver: pdftex
*geometry* verbose mode - [ preamble ] result:
* driver: pdftex
* paper: <default>
* layout: <same size as paper>
* layoutoffset:(h,v)=(0.0pt,0.0pt)
* modes: 
* h-part:(L,W,R)=(0.0pt, 614.295pt, 0.0pt)
* v-part:(T,H,B)=(0.0pt, 794.96999pt, 0.0pt)
* \paperwidth=614.295pt
* \paperheight=794.96999pt
* \textwidth=614.295pt
* \textheight=794.96999pt
* \oddsidemargin=-72.26999pt
* \evensidemargin=-72.26999pt
* \topmargin=-109.26999pt
* \headheight=12.0pt
* \headsep=25.0pt
* \topskip=10.0pt
* \footskip=30.0pt
* \marginparwidth=65.0pt
* \marginparsep=11.0pt
* \columnsep=10.0pt
* \skip\footins=9.0pt plus 4.0pt minus 2.0pt
* \hoffset=0.0pt
* \voffset=0.0pt
* \mag=1000
* \@twocolumnfalse
* \@twosidefalse
* \@mparswitchfalse
* \@reversemarginfalse
* (1in=72.27pt=25.4mm, 1cm=28.453pt)

\AtBeginShipoutBox=\box30
(/usr/share/texlive/texmf-dist/tex/latex/oberdiek/pdflscape.sty
Package: pdflscape 2016/05/14 v0.11 Display of landscape pages in PDF (HO)

(/usr/share/texlive/texmf-dist/tex/latex/graphics/lscape.sty
Package: lscape 2000/10/22 v3.01 Landscape Pages (DPC)
)
Package pdflscape Info: Auto-detected driver: pdftex on input line 81.
)
<01.pdf, id=1, 598.235pt x 845.1575pt>
File: 01.pdf Graphic file (type pdf)
<use 01.pdf>
Package pdftex.def Info: 01.pdf  used on input line 6.
(pdftex.def)             Requested size: 598.23354pt x 845.15544pt.
File: 01.pdf Graphic file (type pdf)
<use 01.pdf>
Package pdftex.def Info: 01.pdf  used on input line 6.
(pdftex.def)             Requested size: 598.23354pt x 845.15544pt.
<01.pdf, id=4, page=1, 598.235pt x 845.1575pt>
File: 01.pdf Graphic file (type pdf)
<use 01.pdf, page 1>
Package pdftex.def Info: 01.pdf , page1 used on input line 6.
(pdftex.def)             Requested size: 598.23354pt x 845.15544pt.
File: 01.pdf Graphic file (type pdf)
<use 01.pdf, page 1>
Package pdftex.def Info: 01.pdf , page1 used on input line 6.
(pdftex.def)             Requested size: 562.80652pt x 795.10587pt.
File: 01.pdf Graphic file (type pdf)
<use 01.pdf, page 1>
Package pdftex.def Info: 01.pdf , page1 used on input line 6.
(pdftex.def)             Requested size: 562.80652pt x 795.10587pt.
File: 01.pdf Graphic file (type pdf)
<use 01.pdf, page 1>
Package pdftex.def Info: 01.pdf , page1 used on input line 6.
(pdftex.def)             Requested size: 562.80652pt x 795.10587pt.
File: 01.pdf Graphic file (type pdf)
<use 01.pdf, page 1>
Package pdftex.def Info: 01.pdf , page1 used on input line 6.
(pdftex.def)             Requested size: 562.80652pt x 795.10587pt.
 [1

 <./01.pdf>]
<00.pdf, id=12, 598.235pt x 845.1575pt>
File: 00.pdf Graphic file (type pdf)
<use 00.pdf>
Package pdftex.def Info: 00.pdf  used on input line 7.
(pdftex.def)             Requested size: 598.23354pt x 845.15544pt.
File: 00.pdf Graphic file (type pdf)
<use 00.pdf>
Package pdftex.def Info: 00.pdf  used on input line 7.
(pdftex.def)             Requested size: 598.23354pt x 845.15544pt.
<00.pdf, id=15, page=1, 598.235pt x 845.1575pt>
File: 00.pdf Graphic file (type pdf)
<use 00.pdf, page 1>
Package pdftex.def Info: 00.pdf , page1 used on input line 7.
(pdftex.def)             Requested size: 598.23354pt x 845.15544pt.
File: 00.pdf Graphic file (type pdf)
<use 00.pdf, page 1>
Package pdftex.def Info: 00.pdf , page1 used on input line 7.
(pdftex.def)             Requested size: 562.80652pt x 795.10587pt.
File: 00.pdf Graphic file (type pdf)
<use 00.pdf, page 1>
Package pdftex.def Info: 00.pdf , page1 used on input line 7.
(pdftex.def)             Requested size: 562.80652pt x 795.10587pt.
File: 00.pdf Graphic file (type pdf)
<use 00.pdf, page 1>
Package pdftex.def Info: 00.pdf , page1 used on input line 7.
(pdftex.def)             Requested size: 562.80652pt x 795.10587pt.
File: 00.pdf Graphic file (type pdf)
<use 00.pdf, page 1>
Package pdftex.def Info: 00.pdf , page1 used on input line 7.
(pdftex.def)             Requested size: 562.80652pt x 795.10587pt.

[2 <./00.pdf>]
<1.jpg, id=21, 1079.03125pt x 1284.8pt>
File: 1.jpg Graphic file (type jpg)
<use 1.jpg>
Package pdftex.def Info: 1.jpg  used on input line 8.
(pdftex.def)             Requested size: 614.295pt x 731.44182pt.
<2.jpg, id=22, 1081.03876pt x 1284.8pt>
File: 2.jpg Graphic file (type jpg)
<use 2.jpg>
Package pdftex.def Info: 2.jpg  used on input line 9.
(pdftex.def)             Requested size: 614.295pt x 730.08911pt.
<3.jpg, id=23, 722.7pt x 1284.8pt>
File: 3.jpg Graphic file (type jpg)
<use 3.jpg>
Package pdftex.def Info: 3.jpg  used on input line 10.
(pdftex.def)             Requested size: 722.69823pt x 1284.79688pt.

Overfull \hbox (15.0pt too wide) in paragraph at lines 8--11
[][] 
 []


Underfull \hbox (badness 10000) in paragraph at lines 8--11

 []

[3{/var/lib/texmf/fonts/map/pdftex/updmap/pdftex.map} <./1.jpg>] [4 <./2.jpg>]
[5 <./3.jpg>] (./main.aux) ) 
Here is how much of TeX's memory you used:
 3223 strings out of 492615
 46371 string characters out of 6131390
 122889 words of memory out of 5000000
 7103 multiletter control sequences out of 15000+600000
 3640 words of font info for 14 fonts, out of 8000000 for 9000
 1141 hyphenation exceptions out of 8191
 41i,18n,43p,271b,414s stack positions out of 5000i,500n,10000p,200000b,80000s
</usr/share/texlive/texmf-dist/fonts/type1/public/a
msfonts/cm/cmr10.pfb>
Output written on main.pdf (5 pages, 1288478 bytes).
PDF statistics:
 39 PDF objects out of 1000 (max. 8388607)
 17 compressed objects within 1 object stream
 0 named destinations out of 1000 (max. 500000)
 56 words of extra memory for PDF output out of 10000 (max. 10000000)

